running egg_info
creating ../../build/turtle_control/turtle_control.egg-info
writing ../../build/turtle_control/turtle_control.egg-info/PKG-INFO
writing dependency_links to ../../build/turtle_control/turtle_control.egg-info/dependency_links.txt
writing entry points to ../../build/turtle_control/turtle_control.egg-info/entry_points.txt
writing requirements to ../../build/turtle_control/turtle_control.egg-info/requires.txt
writing top-level names to ../../build/turtle_control/turtle_control.egg-info/top_level.txt
writing manifest file '../../build/turtle_control/turtle_control.egg-info/SOURCES.txt'
reading manifest file '../../build/turtle_control/turtle_control.egg-info/SOURCES.txt'
writing manifest file '../../build/turtle_control/turtle_control.egg-info/SOURCES.txt'
running build
running build_py
creating /home/aurora/dev_turtle/build/turtle_control/build
creating /home/aurora/dev_turtle/build/turtle_control/build/lib
creating /home/aurora/dev_turtle/build/turtle_control/build/lib/turtle_control
copying turtle_control/turtle_controller.py -> /home/aurora/dev_turtle/build/turtle_control/build/lib/turtle_control
copying turtle_control/__init__.py -> /home/aurora/dev_turtle/build/turtle_control/build/lib/turtle_control
copying turtle_control/turtle_teleop.py -> /home/aurora/dev_turtle/build/turtle_control/build/lib/turtle_control
running install
running install_lib
creating /home/aurora/dev_turtle/install/turtle_control/lib/python3.10/site-packages/turtle_control
copying /home/aurora/dev_turtle/build/turtle_control/build/lib/turtle_control/turtle_controller.py -> /home/aurora/dev_turtle/install/turtle_control/lib/python3.10/site-packages/turtle_control
copying /home/aurora/dev_turtle/build/turtle_control/build/lib/turtle_control/__init__.py -> /home/aurora/dev_turtle/install/turtle_control/lib/python3.10/site-packages/turtle_control
copying /home/aurora/dev_turtle/build/turtle_control/build/lib/turtle_control/turtle_teleop.py -> /home/aurora/dev_turtle/install/turtle_control/lib/python3.10/site-packages/turtle_control
byte-compiling /home/aurora/dev_turtle/install/turtle_control/lib/python3.10/site-packages/turtle_control/turtle_controller.py to turtle_controller.cpython-310.pyc
byte-compiling /home/aurora/dev_turtle/install/turtle_control/lib/python3.10/site-packages/turtle_control/__init__.py to __init__.cpython-310.pyc
byte-compiling /home/aurora/dev_turtle/install/turtle_control/lib/python3.10/site-packages/turtle_control/turtle_teleop.py to turtle_teleop.cpython-310.pyc
running install_data
creating /home/aurora/dev_turtle/install/turtle_control/share/ament_index
creating /home/aurora/dev_turtle/install/turtle_control/share/ament_index/resource_index
creating /home/aurora/dev_turtle/install/turtle_control/share/ament_index/resource_index/packages
copying resource/turtle_control -> /home/aurora/dev_turtle/install/turtle_control/share/ament_index/resource_index/packages
copying package.xml -> /home/aurora/dev_turtle/install/turtle_control/share/turtle_control
creating /home/aurora/dev_turtle/install/turtle_control/share/turtle_control/launch
copying launch/turtle_launch.py -> /home/aurora/dev_turtle/install/turtle_control/share/turtle_control/launch
creating /home/aurora/dev_turtle/install/turtle_control/share/turtle_control/config
copying config/params.yaml -> /home/aurora/dev_turtle/install/turtle_control/share/turtle_control/config
running install_egg_info
Copying ../../build/turtle_control/turtle_control.egg-info to /home/aurora/dev_turtle/install/turtle_control/lib/python3.10/site-packages/turtle_control-0.0.0-py3.10.egg-info
running install_scripts
Installing turtle_controller script to /home/aurora/dev_turtle/install/turtle_control/lib/turtle_control
Installing turtle_teleop script to /home/aurora/dev_turtle/install/turtle_control/lib/turtle_control
writing list of installed files to '/home/aurora/dev_turtle/build/turtle_control/install.log'
