[0.248s] Invoking command in '/home/aurora/dev_turtle/src/turtle_control': AMENT_PREFIX_PATH=/home/aurora/dev_turtle/install/turtle_interfaces:${AMENT_PREFIX_PATH} CMAKE_PREFIX_PATH=/home/aurora/dev_turtle/install/turtle_interfaces LD_LIBRARY_PATH=/home/aurora/dev_turtle/install/turtle_interfaces/lib:${LD_LIBRARY_PATH} PYTHONPATH=/home/aurora/dev_turtle/build/turtle_control/prefix_override:/usr/lib/python3/dist-packages/colcon_core/task/python/colcon_distutils_commands:/home/aurora/dev_turtle/install/turtle_control/lib/python3.10/site-packages:/home/aurora/dev_turtle/install/turtle_interfaces/local/lib/python3.10/dist-packages:${PYTHONPATH} /usr/bin/python3 -W ignore:setup.py install is deprecated -W ignore:easy_install command is deprecated setup.py egg_info --egg-base ../../build/turtle_control build --build-base /home/aurora/dev_turtle/build/turtle_control/build install --record /home/aurora/dev_turtle/build/turtle_control/install.log --single-version-externally-managed install_data
[0.341s] running egg_info
[0.341s] creating ../../build/turtle_control/turtle_control.egg-info
[0.341s] writing ../../build/turtle_control/turtle_control.egg-info/PKG-INFO
[0.341s] writing dependency_links to ../../build/turtle_control/turtle_control.egg-info/dependency_links.txt
[0.341s] writing entry points to ../../build/turtle_control/turtle_control.egg-info/entry_points.txt
[0.341s] writing requirements to ../../build/turtle_control/turtle_control.egg-info/requires.txt
[0.341s] writing top-level names to ../../build/turtle_control/turtle_control.egg-info/top_level.txt
[0.341s] writing manifest file '../../build/turtle_control/turtle_control.egg-info/SOURCES.txt'
[0.342s] reading manifest file '../../build/turtle_control/turtle_control.egg-info/SOURCES.txt'
[0.342s] writing manifest file '../../build/turtle_control/turtle_control.egg-info/SOURCES.txt'
[0.342s] running build
[0.342s] running build_py
[0.342s] creating /home/aurora/dev_turtle/build/turtle_control/build
[0.342s] creating /home/aurora/dev_turtle/build/turtle_control/build/lib
[0.342s] creating /home/aurora/dev_turtle/build/turtle_control/build/lib/turtle_control
[0.342s] copying turtle_control/turtle_controller.py -> /home/aurora/dev_turtle/build/turtle_control/build/lib/turtle_control
[0.343s] copying turtle_control/__init__.py -> /home/aurora/dev_turtle/build/turtle_control/build/lib/turtle_control
[0.343s] copying turtle_control/turtle_teleop.py -> /home/aurora/dev_turtle/build/turtle_control/build/lib/turtle_control
[0.343s] running install
[0.343s] running install_lib
[0.343s] creating /home/aurora/dev_turtle/install/turtle_control/lib/python3.10/site-packages/turtle_control
[0.343s] copying /home/aurora/dev_turtle/build/turtle_control/build/lib/turtle_control/turtle_controller.py -> /home/aurora/dev_turtle/install/turtle_control/lib/python3.10/site-packages/turtle_control
[0.343s] copying /home/aurora/dev_turtle/build/turtle_control/build/lib/turtle_control/__init__.py -> /home/aurora/dev_turtle/install/turtle_control/lib/python3.10/site-packages/turtle_control
[0.343s] copying /home/aurora/dev_turtle/build/turtle_control/build/lib/turtle_control/turtle_teleop.py -> /home/aurora/dev_turtle/install/turtle_control/lib/python3.10/site-packages/turtle_control
[0.343s] byte-compiling /home/aurora/dev_turtle/install/turtle_control/lib/python3.10/site-packages/turtle_control/turtle_controller.py to turtle_controller.cpython-310.pyc
[0.343s] byte-compiling /home/aurora/dev_turtle/install/turtle_control/lib/python3.10/site-packages/turtle_control/__init__.py to __init__.cpython-310.pyc
[0.343s] byte-compiling /home/aurora/dev_turtle/install/turtle_control/lib/python3.10/site-packages/turtle_control/turtle_teleop.py to turtle_teleop.cpython-310.pyc
[0.344s] running install_data
[0.344s] creating /home/aurora/dev_turtle/install/turtle_control/share/ament_index
[0.344s] creating /home/aurora/dev_turtle/install/turtle_control/share/ament_index/resource_index
[0.344s] creating /home/aurora/dev_turtle/install/turtle_control/share/ament_index/resource_index/packages
[0.344s] copying resource/turtle_control -> /home/aurora/dev_turtle/install/turtle_control/share/ament_index/resource_index/packages
[0.344s] copying package.xml -> /home/aurora/dev_turtle/install/turtle_control/share/turtle_control
[0.344s] creating /home/aurora/dev_turtle/install/turtle_control/share/turtle_control/launch
[0.344s] copying launch/turtle_launch.py -> /home/aurora/dev_turtle/install/turtle_control/share/turtle_control/launch
[0.344s] creating /home/aurora/dev_turtle/install/turtle_control/share/turtle_control/config
[0.344s] copying config/params.yaml -> /home/aurora/dev_turtle/install/turtle_control/share/turtle_control/config
[0.344s] running install_egg_info
[0.344s] Copying ../../build/turtle_control/turtle_control.egg-info to /home/aurora/dev_turtle/install/turtle_control/lib/python3.10/site-packages/turtle_control-0.0.0-py3.10.egg-info
[0.345s] running install_scripts
[0.354s] Installing turtle_controller script to /home/aurora/dev_turtle/install/turtle_control/lib/turtle_control
[0.354s] Installing turtle_teleop script to /home/aurora/dev_turtle/install/turtle_control/lib/turtle_control
[0.354s] writing list of installed files to '/home/aurora/dev_turtle/build/turtle_control/install.log'
[0.365s] Invoked command in '/home/aurora/dev_turtle/src/turtle_control' returned '0': AMENT_PREFIX_PATH=/home/aurora/dev_turtle/install/turtle_interfaces:${AMENT_PREFIX_PATH} CMAKE_PREFIX_PATH=/home/aurora/dev_turtle/install/turtle_interfaces LD_LIBRARY_PATH=/home/aurora/dev_turtle/install/turtle_interfaces/lib:${LD_LIBRARY_PATH} PYTHONPATH=/home/aurora/dev_turtle/build/turtle_control/prefix_override:/usr/lib/python3/dist-packages/colcon_core/task/python/colcon_distutils_commands:/home/aurora/dev_turtle/install/turtle_control/lib/python3.10/site-packages:/home/aurora/dev_turtle/install/turtle_interfaces/local/lib/python3.10/dist-packages:${PYTHONPATH} /usr/bin/python3 -W ignore:setup.py install is deprecated -W ignore:easy_install command is deprecated setup.py egg_info --egg-base ../../build/turtle_control build --build-base /home/aurora/dev_turtle/build/turtle_control/build install --record /home/aurora/dev_turtle/build/turtle_control/install.log --single-version-externally-managed install_data
