[0.063s] DEBUG:colcon:Command line arguments: ['/usr/bin/colcon', 'list', '-p', '--base-paths', '/home/aurora/dev_turtle']
[0.063s] DEBUG:colcon:Parsed command line arguments: Namespace(log_base=None, log_level=None, verb_name='list', build_base='build', ignore_user_meta=False, metas=['./colcon.meta'], base_paths=['/home/aurora/dev_turtle'], packages_ignore=None, packages_ignore_regex=None, paths=None, packages_up_to=None, packages_up_to_regex=None, packages_above=None, packages_above_and_dependencies=None, packages_above_depth=None, packages_select_by_dep=None, packages_skip_by_dep=None, packages_skip_up_to=None, packages_select_build_failed=False, packages_skip_build_finished=False, packages_select_test_failures=False, packages_skip_test_passed=False, packages_select=None, packages_skip=None, packages_select_regex=None, packages_skip_regex=None, packages_start=None, packages_end=None, allow_overriding=[], topological_order=False, names_only=False, paths_only=True, topological_graph=False, topological_graph_dot=False, topological_graph_density=False, topological_graph_legend=False, topological_graph_dot_cluster=False, topological_graph_dot_include_skipped=False, verb_parser=<colcon_defaults.argument_parser.defaults.DefaultArgumentsDecorator object at 0x7e713c360730>, verb_extension=<colcon_package_information.verb.list.ListVerb object at 0x7e713c31faf0>, main=<bound method ListVerb.main of <colcon_package_information.verb.list.ListVerb object at 0x7e713c31faf0>>)
[0.152s] Level 1:colcon.colcon_core.package_discovery:discover_packages(colcon_meta) check parameters
[0.152s] Level 1:colcon.colcon_core.package_discovery:discover_packages(recursive) check parameters
[0.152s] Level 1:colcon.colcon_core.package_discovery:discover_packages(ignore) check parameters
[0.152s] Level 1:colcon.colcon_core.package_discovery:discover_packages(path) check parameters
[0.152s] Level 1:colcon.colcon_core.package_discovery:discover_packages(recursive) discover
[0.152s] INFO:colcon.colcon_core.package_discovery:Crawling recursively for packages in '/home/aurora/dev_turtle'
[0.152s] Level 1:colcon.colcon_core.package_identification:_identify(/home/aurora/dev_turtle) by extensions ['ignore', 'ignore_ament_install']
[0.152s] Level 1:colcon.colcon_core.package_identification:_identify(/home/aurora/dev_turtle) by extension 'ignore'
[0.152s] Level 1:colcon.colcon_core.package_identification:_identify(/home/aurora/dev_turtle) by extension 'ignore_ament_install'
[0.152s] Level 1:colcon.colcon_core.package_identification:_identify(/home/aurora/dev_turtle) by extensions ['colcon_pkg']
[0.152s] Level 1:colcon.colcon_core.package_identification:_identify(/home/aurora/dev_turtle) by extension 'colcon_pkg'
[0.152s] Level 1:colcon.colcon_core.package_identification:_identify(/home/aurora/dev_turtle) by extensions ['colcon_meta']
[0.152s] Level 1:colcon.colcon_core.package_identification:_identify(/home/aurora/dev_turtle) by extension 'colcon_meta'
[0.152s] Level 1:colcon.colcon_core.package_identification:_identify(/home/aurora/dev_turtle) by extensions ['ros']
[0.152s] Level 1:colcon.colcon_core.package_identification:_identify(/home/aurora/dev_turtle) by extension 'ros'
[0.158s] Level 1:colcon.colcon_core.package_identification:_identify(/home/aurora/dev_turtle) by extensions ['cmake', 'python']
[0.158s] Level 1:colcon.colcon_core.package_identification:_identify(/home/aurora/dev_turtle) by extension 'cmake'
[0.158s] Level 1:colcon.colcon_core.package_identification:_identify(/home/aurora/dev_turtle) by extension 'python'
[0.158s] Level 1:colcon.colcon_core.package_identification:_identify(/home/aurora/dev_turtle) by extensions ['python_setup_py']
[0.158s] Level 1:colcon.colcon_core.package_identification:_identify(/home/aurora/dev_turtle) by extension 'python_setup_py'
[0.158s] Level 1:colcon.colcon_core.package_identification:_identify(/home/aurora/dev_turtle/build) by extensions ['ignore', 'ignore_ament_install']
[0.158s] Level 1:colcon.colcon_core.package_identification:_identify(/home/aurora/dev_turtle/build) by extension 'ignore'
[0.158s] Level 1:colcon.colcon_core.package_identification:_identify(/home/aurora/dev_turtle/build) ignored
[0.158s] Level 1:colcon.colcon_core.package_identification:_identify(/home/aurora/dev_turtle/install) by extensions ['ignore', 'ignore_ament_install']
[0.158s] Level 1:colcon.colcon_core.package_identification:_identify(/home/aurora/dev_turtle/install) by extension 'ignore'
[0.158s] Level 1:colcon.colcon_core.package_identification:_identify(/home/aurora/dev_turtle/install) ignored
[0.159s] Level 1:colcon.colcon_core.package_identification:_identify(/home/aurora/dev_turtle/log) by extensions ['ignore', 'ignore_ament_install']
[0.159s] Level 1:colcon.colcon_core.package_identification:_identify(/home/aurora/dev_turtle/log) by extension 'ignore'
[0.159s] Level 1:colcon.colcon_core.package_identification:_identify(/home/aurora/dev_turtle/log) ignored
[0.159s] Level 1:colcon.colcon_core.package_identification:_identify(/home/aurora/dev_turtle/src) by extensions ['ignore', 'ignore_ament_install']
[0.159s] Level 1:colcon.colcon_core.package_identification:_identify(/home/aurora/dev_turtle/src) by extension 'ignore'
[0.159s] Level 1:colcon.colcon_core.package_identification:_identify(/home/aurora/dev_turtle/src) by extension 'ignore_ament_install'
[0.159s] Level 1:colcon.colcon_core.package_identification:_identify(/home/aurora/dev_turtle/src) by extensions ['colcon_pkg']
[0.159s] Level 1:colcon.colcon_core.package_identification:_identify(/home/aurora/dev_turtle/src) by extension 'colcon_pkg'
[0.159s] Level 1:colcon.colcon_core.package_identification:_identify(/home/aurora/dev_turtle/src) by extensions ['colcon_meta']
[0.159s] Level 1:colcon.colcon_core.package_identification:_identify(/home/aurora/dev_turtle/src) by extension 'colcon_meta'
[0.159s] Level 1:colcon.colcon_core.package_identification:_identify(/home/aurora/dev_turtle/src) by extensions ['ros']
[0.159s] Level 1:colcon.colcon_core.package_identification:_identify(/home/aurora/dev_turtle/src) by extension 'ros'
[0.159s] Level 1:colcon.colcon_core.package_identification:_identify(/home/aurora/dev_turtle/src) by extensions ['cmake', 'python']
[0.159s] Level 1:colcon.colcon_core.package_identification:_identify(/home/aurora/dev_turtle/src) by extension 'cmake'
[0.159s] Level 1:colcon.colcon_core.package_identification:_identify(/home/aurora/dev_turtle/src) by extension 'python'
[0.159s] Level 1:colcon.colcon_core.package_identification:_identify(/home/aurora/dev_turtle/src) by extensions ['python_setup_py']
[0.159s] Level 1:colcon.colcon_core.package_identification:_identify(/home/aurora/dev_turtle/src) by extension 'python_setup_py'
[0.159s] Level 1:colcon.colcon_core.package_identification:_identify(/home/aurora/dev_turtle/src/turtle_control) by extensions ['ignore', 'ignore_ament_install']
[0.159s] Level 1:colcon.colcon_core.package_identification:_identify(/home/aurora/dev_turtle/src/turtle_control) by extension 'ignore'
[0.159s] Level 1:colcon.colcon_core.package_identification:_identify(/home/aurora/dev_turtle/src/turtle_control) by extension 'ignore_ament_install'
[0.159s] Level 1:colcon.colcon_core.package_identification:_identify(/home/aurora/dev_turtle/src/turtle_control) by extensions ['colcon_pkg']
[0.159s] Level 1:colcon.colcon_core.package_identification:_identify(/home/aurora/dev_turtle/src/turtle_control) by extension 'colcon_pkg'
[0.159s] Level 1:colcon.colcon_core.package_identification:_identify(/home/aurora/dev_turtle/src/turtle_control) by extensions ['colcon_meta']
[0.159s] Level 1:colcon.colcon_core.package_identification:_identify(/home/aurora/dev_turtle/src/turtle_control) by extension 'colcon_meta'
[0.159s] Level 1:colcon.colcon_core.package_identification:_identify(/home/aurora/dev_turtle/src/turtle_control) by extensions ['ros']
[0.159s] Level 1:colcon.colcon_core.package_identification:_identify(/home/aurora/dev_turtle/src/turtle_control) by extension 'ros'
[0.160s] DEBUG:colcon.colcon_core.package_identification:Package '/home/aurora/dev_turtle/src/turtle_control' with type 'ros.ament_python' and name 'turtle_control'
[0.160s] Level 1:colcon.colcon_core.package_identification:_identify(/home/aurora/dev_turtle/src/turtle_interfaces) by extensions ['ignore', 'ignore_ament_install']
[0.160s] Level 1:colcon.colcon_core.package_identification:_identify(/home/aurora/dev_turtle/src/turtle_interfaces) by extension 'ignore'
[0.160s] Level 1:colcon.colcon_core.package_identification:_identify(/home/aurora/dev_turtle/src/turtle_interfaces) by extension 'ignore_ament_install'
[0.161s] Level 1:colcon.colcon_core.package_identification:_identify(/home/aurora/dev_turtle/src/turtle_interfaces) by extensions ['colcon_pkg']
[0.161s] Level 1:colcon.colcon_core.package_identification:_identify(/home/aurora/dev_turtle/src/turtle_interfaces) by extension 'colcon_pkg'
[0.161s] Level 1:colcon.colcon_core.package_identification:_identify(/home/aurora/dev_turtle/src/turtle_interfaces) by extensions ['colcon_meta']
[0.161s] Level 1:colcon.colcon_core.package_identification:_identify(/home/aurora/dev_turtle/src/turtle_interfaces) by extension 'colcon_meta'
[0.161s] Level 1:colcon.colcon_core.package_identification:_identify(/home/aurora/dev_turtle/src/turtle_interfaces) by extensions ['ros']
[0.161s] Level 1:colcon.colcon_core.package_identification:_identify(/home/aurora/dev_turtle/src/turtle_interfaces) by extension 'ros'
[0.161s] DEBUG:colcon.colcon_core.package_identification:Package '/home/aurora/dev_turtle/src/turtle_interfaces' with type 'ros.ament_cmake' and name 'turtle_interfaces'
[0.161s] Level 1:colcon.colcon_core.package_discovery:discover_packages(recursive) using defaults
